--- Copying files at Thu Apr 23 19:41:24 UTC 2020
INSTALLED plugins/pam-auth.jpi : 1.6
INSTALLED plugins/kubernetes.jpi : 1.25.3
INSTALLED plugins/oauth-credentials.jpi : 0.4
INSTALLED plugins/kubernetes-client-api.jpi : 4.9.1-1
INSTALLED plugins/kubernetes-credentials.jpi : 0.6.2
INSTALLED plugins/bouncycastle-api.jpi : 2.18
INSTALLED plugins/variant.jpi : 1.3
INSTALLED plugins/google-oauth-plugin.jpi : 1.0.0
INSTALLED plugins/ssh-slaves.jpi : 1.31.2
INSTALLED plugins/configuration-as-code.jpi : 1.39
INSTALLED plugins/snakeyaml-api.jpi : 1.26.4
INSTALLED plugins/credentials-binding.jpi : 1.22
INSTALLED plugins/matrix-auth.jpi : 2.5
INSTALLED plugins/build-timeout.jpi : 1.19.1
INSTALLED plugins/antisamy-markup-formatter.jpi : 2.0
INSTALLED plugins/cloudbees-folder.jpi : 6.12
INSTALLED plugins/subversion.jpi : 2.13.1
INSTALLED plugins/mapdb-api.jpi : 1.0.9.0
INSTALLED plugins/pipeline-stage-view.jpi : 2.13
INSTALLED plugins/gradle.jpi : 1.36
INSTALLED plugins/ant.jpi : 1.11
INSTALLED plugins/git.jpi : 4.2.2
INSTALLED plugins/pipeline-github-lib.jpi : 1.0
INSTALLED plugins/resource-disposer.jpi : 0.14
INSTALLED plugins/ws-cleanup.jpi : 0.38
INSTALLED plugins/timestamper.jpi : 1.11.3
INSTALLED plugins/github-api.jpi : 1.111
INSTALLED plugins/github.jpi : 1.29.5
INSTALLED plugins/github-branch-source.jpi : 2.6.0
INSTALLED plugins/pipeline-model-declarative-agent.jpi : 1.1.1
INSTALLED plugins/jackson2-api.jpi : 2.10.3
INSTALLED plugins/authentication-tokens.jpi : 1.3
INSTALLED plugins/jsch.jpi : 0.1.55.2
INSTALLED plugins/apache-httpcomponents-client-4-api.jpi : 4.5.10-2.0
INSTALLED plugins/branch-api.jpi : 2.5.6
INSTALLED plugins/jquery-detached.jpi : 1.2.1
INSTALLED plugins/pipeline-model-extensions.jpi : 1.6.0
INSTALLED plugins/pipeline-rest-api.jpi : 2.13
INSTALLED plugins/workflow-durable-task-step.jpi : 2.35
INSTALLED plugins/pipeline-graph-analysis.jpi : 1.10
INSTALLED plugins/pipeline-stage-tags-metadata.jpi : 1.6.0
INSTALLED plugins/workflow-scm-step.jpi : 2.11
INSTALLED plugins/workflow-multibranch.jpi : 2.21
INSTALLED plugins/git-server.jpi : 1.9
INSTALLED plugins/pipeline-milestone-step.jpi : 1.3.1
INSTALLED plugins/plain-credentials.jpi : 1.7
INSTALLED plugins/pipeline-model-definition.jpi : 1.6.0
INSTALLED plugins/pipeline-input-step.jpi : 2.11
INSTALLED plugins/trilead-api.jpi : 1.0.6
INSTALLED plugins/workflow-support.jpi : 3.4
INSTALLED plugins/ace-editor.jpi : 1.1
INSTALLED plugins/pipeline-build-step.jpi : 2.12
INSTALLED plugins/workflow-basic-steps.jpi : 2.20
INSTALLED plugins/pipeline-stage-step.jpi : 2.3
INSTALLED plugins/git-client.jpi : 3.2.1
INSTALLED plugins/handlebars.jpi : 1.1.1
INSTALLED plugins/durable-task.jpi : 1.34
INSTALLED plugins/ssh-credentials.jpi : 1.18.1
INSTALLED plugins/workflow-job.jpi : 2.38
INSTALLED plugins/momentjs.jpi : 1.1.1
INSTALLED plugins/workflow-aggregator.jpi : 2.6
INSTALLED plugins/workflow-cps-global-lib.jpi : 2.16
INSTALLED plugins/lockable-resources.jpi : 2.7
INSTALLED plugins/docker-workflow.jpi : 1.23
INSTALLED plugins/workflow-cps.jpi : 2.80
INSTALLED plugins/pipeline-model-api.jpi : 1.6.0
INSTALLED plugins/credentials.jpi : 2.3.7
INSTALLED plugins/docker-commons.jpi : 1.16
INSTALLED plugins/mailer.jpi : 1.32
INSTALLED plugins/email-ext.jpi : 2.69
INSTALLED plugins/structs.jpi : 1.20
INSTALLED plugins/matrix-project.jpi : 1.14
INSTALLED plugins/scm-api.jpi : 2.6.3
INSTALLED plugins/token-macro.jpi : 2.12
INSTALLED plugins/workflow-step-api.jpi : 2.22
INSTALLED plugins/script-security.jpi : 1.71
INSTALLED plugins/workflow-api.jpi : 2.40
INSTALLED plugins/junit.jpi : 1.28
INSTALLED plugins/display-url-api.jpi : 2.3.2
INSTALLED plugins/ldap.jpi : 1.24
